<?xml version="1.0" encoding="UTF-8"?>
<testsuite xmlns:xsi="http://www.w3.org/2001/XMLSchema-instance" xsi:noNamespaceSchemaLocation="https://maven.apache.org/surefire/maven-surefire-plugin/xsd/surefire-test-report.xsd" name="com.qodana.bank.BankApplicationTests" time="1.261" tests="16" errors="0" skipped="0" failures="0">
  <properties>
[...]
</properties>
  <testcase name="testLoginController" classname="com.qodana.bank.BankApplicationTests" time="0.193"/>
  <testcase name="testUserAuthentication" classname="com.qodana.bank.BankApplicationTests" time="0.001"/>
  <testcase name="testDependencyIntegration" classname="com.qodana.bank.BankApplicationTests" time="0.054"/>
  <testcase name="testTransactions" classname="com.qodana.bank.BankApplicationTests" time="0.028"/>
  <testcase name="testAdminFraudManagement" classname="com.qodana.bank.BankApplicationTests" time="0.003"/>
  <testcase name="testRiskEngineRules" classname="com.qodana.bank.BankApplicationTests" time="0"/>
  <testcase name="testCustomerMultiAccount" classname="com.qodana.bank.BankApplicationTests" time="0"/>
  <testcase name="testMeController" classname="com.qodana.bank.BankApplicationTests" time="0.002"/>
  <testcase name="testMessageGetters" classname="com.qodana.bank.BankApplicationTests" time="0.001"/>
  <testcase name="testMessagesController" classname="com.qodana.bank.BankApplicationTests" time="0.003"/>
  <testcase name="testTransferController" classname="com.qodana.bank.BankApplicationTests" time="0.002"/>
  <testcase name="contextLoads" classname="com.qodana.bank.BankApplicationTests" time="0.001"/>
  <testcase name="testLogout" classname="com.qodana.bank.BankApplicationTests" time="0.002"/>
  <testcase name="testBankService" classname="com.qodana.bank.BankApplicationTests" time="0.001"/>
  <testcase name="testKieInitialization" classname="com.qodana.bank.BankApplicationTests" time="0.047"/>
  <testcase name="testAccountLogic" classname="com.qodana.bank.BankApplicationTests" time="0.001"/>
</testsuite>